[01m[K/home/giaggi/Desktop/ROS2-Dynamic-local-Planner/dp_ws/src/dynamic_planner/src/dp_node.cpp:25:55:[m[K [01;31m[Kerror: [m[Kexpected â€˜[01m[K,[m[Kâ€™ or â€˜[01m[K...[m[Kâ€™ before â€˜[01m[K>[m[Kâ€™ token
   25 |   void laserCallback(const sensor_msgs::msg::LaserScan[01;31m[K>[m[K::SharedPtr scan_msg)
      |                                                       [01;31m[K^[m[K
[01m[K/home/giaggi/Desktop/ROS2-Dynamic-local-Planner/dp_ws/src/dynamic_planner/src/dp_node.cpp:33:79:[m[K [01;31m[Kerror: [m[Kexpected â€˜[01m[K,[m[Kâ€™ or â€˜[01m[K...[m[Kâ€™ before â€˜[01m[K>[m[Kâ€™ token
   33 |   nav_msgs::msg::OccupancyGrid buildLocalMap(const sensor_msgs::msg::LaserScan[01;31m[K>[m[K::SharedPtr &scan_msg)
      |                                                                               [01;31m[K^[m[K
[01m[K/home/giaggi/Desktop/ROS2-Dynamic-local-Planner/dp_ws/src/dynamic_planner/src/dp_node.cpp:[m[K In member function â€˜[01m[Kvoid DynamicPlannerNode::laserCallback(sensor_msgs::msg::LaserScan)[m[Kâ€™:
[01m[K/home/giaggi/Desktop/ROS2-Dynamic-local-Planner/dp_ws/src/dynamic_planner/src/dp_node.cpp:28:36:[m[K [01;31m[Kerror: [m[Kâ€˜[01m[Kscan_msg[m[Kâ€™ was not declared in this scope
   28 |     auto local_map = buildLocalMap([01;31m[Kscan_msg[m[K);
      |                                    [01;31m[K^~~~~~~~[m[K
[01m[K/home/giaggi/Desktop/ROS2-Dynamic-local-Planner/dp_ws/src/dynamic_planner/src/dp_node.cpp:[m[K In member function â€˜[01m[Knav_msgs::msg::OccupancyGrid DynamicPlannerNode::buildLocalMap(sensor_msgs::msg::LaserScan)[m[Kâ€™:
[01m[K/home/giaggi/Desktop/ROS2-Dynamic-local-Planner/dp_ws/src/dynamic_planner/src/dp_node.cpp:56:28:[m[K [01;31m[Kerror: [m[Kâ€˜[01m[Kscan_msg[m[Kâ€™ was not declared in this scope
   56 |     for (size_t i = 0; i < [01;31m[Kscan_msg[m[K->ranges.size(); i++) {
      |                            [01;31m[K^~~~~~~~[m[K
gmake[2]: *** [CMakeFiles/dp_node.dir/build.make:76: CMakeFiles/dp_node.dir/src/dp_node.cpp.o] Error 1
gmake[1]: *** [CMakeFiles/Makefile2:137: CMakeFiles/dp_node.dir/all] Error 2
gmake: *** [Makefile:146: all] Error 2
