[0.023s] Invoking command in '/home/giaggi/Desktop/ROS2-Dynamic-local-Planner/dp_ws/build/dynamic_planner': CMAKE_PREFIX_PATH=${CMAKE_PREFIX_PATH}:/opt/ros/humble /usr/bin/cmake --build /home/giaggi/Desktop/ROS2-Dynamic-local-Planner/dp_ws/build/dynamic_planner -- -j4 -l4
[0.138s] [35m[1mConsolidate compiler generated dependencies of target dp_node[0m
[0.177s] [ 50%] [32mBuilding CXX object CMakeFiles/dp_node.dir/src/dp_node.cpp.o[0m
[6.320s] [01m[K/home/giaggi/Desktop/ROS2-Dynamic-local-Planner/dp_ws/src/dynamic_planner/src/dp_node.cpp:25:55:[m[K [01;31m[Kerror: [m[Kexpected â€˜[01m[K,[m[Kâ€™ or â€˜[01m[K...[m[Kâ€™ before â€˜[01m[K>[m[Kâ€™ token
[6.320s]    25 |   void laserCallback(const sensor_msgs::msg::LaserScan[01;31m[K>[m[K::SharedPtr scan_msg)
[6.320s]       |                                                       [01;31m[K^[m[K
[6.321s] [01m[K/home/giaggi/Desktop/ROS2-Dynamic-local-Planner/dp_ws/src/dynamic_planner/src/dp_node.cpp:33:79:[m[K [01;31m[Kerror: [m[Kexpected â€˜[01m[K,[m[Kâ€™ or â€˜[01m[K...[m[Kâ€™ before â€˜[01m[K>[m[Kâ€™ token
[6.321s]    33 |   nav_msgs::msg::OccupancyGrid buildLocalMap(const sensor_msgs::msg::LaserScan[01;31m[K>[m[K::SharedPtr &scan_msg)
[6.321s]       |                                                                               [01;31m[K^[m[K
[6.487s] [01m[K/home/giaggi/Desktop/ROS2-Dynamic-local-Planner/dp_ws/src/dynamic_planner/src/dp_node.cpp:[m[K In member function â€˜[01m[Kvoid DynamicPlannerNode::laserCallback(sensor_msgs::msg::LaserScan)[m[Kâ€™:
[6.487s] [01m[K/home/giaggi/Desktop/ROS2-Dynamic-local-Planner/dp_ws/src/dynamic_planner/src/dp_node.cpp:28:36:[m[K [01;31m[Kerror: [m[Kâ€˜[01m[Kscan_msg[m[Kâ€™ was not declared in this scope
[6.487s]    28 |     auto local_map = buildLocalMap([01;31m[Kscan_msg[m[K);
[6.487s]       |                                    [01;31m[K^~~~~~~~[m[K
[6.493s] [01m[K/home/giaggi/Desktop/ROS2-Dynamic-local-Planner/dp_ws/src/dynamic_planner/src/dp_node.cpp:[m[K In member function â€˜[01m[Knav_msgs::msg::OccupancyGrid DynamicPlannerNode::buildLocalMap(sensor_msgs::msg::LaserScan)[m[Kâ€™:
[6.493s] [01m[K/home/giaggi/Desktop/ROS2-Dynamic-local-Planner/dp_ws/src/dynamic_planner/src/dp_node.cpp:56:28:[m[K [01;31m[Kerror: [m[Kâ€˜[01m[Kscan_msg[m[Kâ€™ was not declared in this scope
[6.493s]    56 |     for (size_t i = 0; i < [01;31m[Kscan_msg[m[K->ranges.size(); i++) {
[6.493s]       |                            [01;31m[K^~~~~~~~[m[K
[11.891s] gmake[2]: *** [CMakeFiles/dp_node.dir/build.make:76: CMakeFiles/dp_node.dir/src/dp_node.cpp.o] Error 1
[11.892s] gmake[1]: *** [CMakeFiles/Makefile2:137: CMakeFiles/dp_node.dir/all] Error 2
[11.892s] gmake: *** [Makefile:146: all] Error 2
[11.898s] Invoked command in '/home/giaggi/Desktop/ROS2-Dynamic-local-Planner/dp_ws/build/dynamic_planner' returned '2': CMAKE_PREFIX_PATH=${CMAKE_PREFIX_PATH}:/opt/ros/humble /usr/bin/cmake --build /home/giaggi/Desktop/ROS2-Dynamic-local-Planner/dp_ws/build/dynamic_planner -- -j4 -l4
